[19-Apr-2017 21:52:26 UTC] PHP Fatal error:  Uncaught exception 'Exception' with message 'FPDF error: Some data has already been output, can't send PDF file' in /home/osaerp/public_html/desarrollo/lamibl/system/application/libraries/fpdf/fpdf.php:271
Stack trace:
#0 /home/osaerp/public_html/desarrollo/lamibl/system/application/libraries/fpdf/fpdf.php(1066): FPDF->Error('Some data has a...')
#1 /home/osaerp/public_html/desarrollo/lamibl/system/application/libraries/fpdf/fpdf.php(1002): FPDF->_checkoutput()
#2 /home/osaerp/public_html/desarrollo/lamibl/system/application/controllers/maestros/configuracionimpresion.php(553): FPDF->Output('I', 'temporal/Impres...')
#3 [internal function]: Configuracionimpresion->impresionDocumento('2', '8', '1', 'V')
#4 /home/osaerp/public_html/desarrollo/lamibl/system/codeigniter/CodeIgniter.php(471): call_user_func_array(Array, Array)
#5 /home/osaerp/public_html/desarrollo/lamibl/index.php(229): require_once('/home/osaerp/pu...')
#6 {main}
  thrown in /home/osaerp/public_html/desarrollo/lamibl/system/application/libraries/fpdf/fpdf.php on line 271
[20-Apr-2017 17:23:33 UTC] PHP Fatal error:  Uncaught exception 'Exception' with message 'FPDF error: Some data has already been output, can't send PDF file' in /home/osaerp/public_html/desarrollo/lamibl/system/application/libraries/fpdf/fpdf.php:271
Stack trace:
#0 /home/osaerp/public_html/desarrollo/lamibl/system/application/libraries/fpdf/fpdf.php(1066): FPDF->Error('Some data has a...')
#1 /home/osaerp/public_html/desarrollo/lamibl/system/application/libraries/fpdf/fpdf.php(1002): FPDF->_checkoutput()
#2 /home/osaerp/public_html/desarrollo/lamibl/system/application/controllers/maestros/configuracionimpresion.php(555): FPDF->Output('I', 'temporal/Impres...')
#3 [internal function]: Configuracionimpresion->impresionDocumento('11', '1', '0', 'V')
#4 /home/osaerp/public_html/desarrollo/lamibl/system/codeigniter/CodeIgniter.php(471): call_user_func_array(Array, Array)
#5 /home/osaerp/public_html/desarrollo/lamibl/index.php(229): require_once('/home/osaerp/pu...')
#6 {main}
  thrown in /home/osaerp/public_html/desarrollo/lamibl/system/application/libraries/fpdf/fpdf.php on line 271
[20-Apr-2017 17:23:38 UTC] PHP Fatal error:  Uncaught exception 'Exception' with message 'FPDF error: Some data has already been output, can't send PDF file' in /home/osaerp/public_html/desarrollo/lamibl/system/application/libraries/fpdf/fpdf.php:271
Stack trace:
#0 /home/osaerp/public_html/desarrollo/lamibl/system/application/libraries/fpdf/fpdf.php(1066): FPDF->Error('Some data has a...')
#1 /home/osaerp/public_html/desarrollo/lamibl/system/application/libraries/fpdf/fpdf.php(1002): FPDF->_checkoutput()
#2 /home/osaerp/public_html/desarrollo/lamibl/system/application/controllers/maestros/configuracionimpresion.php(555): FPDF->Output('I', 'temporal/Impres...')
#3 [internal function]: Configuracionimpresion->impresionDocumento('10', '1', '0', 'V')
#4 /home/osaerp/public_html/desarrollo/lamibl/system/codeigniter/CodeIgniter.php(471): call_user_func_array(Array, Array)
#5 /home/osaerp/public_html/desarrollo/lamibl/index.php(229): require_once('/home/osaerp/pu...')
#6 {main}
  thrown in /home/osaerp/public_html/desarrollo/lamibl/system/application/libraries/fpdf/fpdf.php on line 271
[20-Apr-2017 17:23:48 UTC] PHP Fatal error:  Uncaught exception 'Exception' with message 'FPDF error: Some data has already been output, can't send PDF file' in /home/osaerp/public_html/desarrollo/lamibl/system/application/libraries/fpdf/fpdf.php:271
Stack trace:
#0 /home/osaerp/public_html/desarrollo/lamibl/system/application/libraries/fpdf/fpdf.php(1066): FPDF->Error('Some data has a...')
#1 /home/osaerp/public_html/desarrollo/lamibl/system/application/libraries/fpdf/fpdf.php(1002): FPDF->_checkoutput()
#2 /home/osaerp/public_html/desarrollo/lamibl/system/application/controllers/maestros/configuracionimpresion.php(555): FPDF->Output('I', 'temporal/Impres...')
#3 [internal function]: Configuracionimpresion->impresionDocumento('8', '1', '1', 'V')
#4 /home/osaerp/public_html/desarrollo/lamibl/system/codeigniter/CodeIgniter.php(471): call_user_func_array(Array, Array)
#5 /home/osaerp/public_html/desarrollo/lamibl/index.php(229): require_once('/home/osaerp/pu...')
#6 {main}
  thrown in /home/osaerp/public_html/desarrollo/lamibl/system/application/libraries/fpdf/fpdf.php on line 271
[20-Apr-2017 17:24:15 UTC] PHP Fatal error:  Uncaught exception 'Exception' with message 'FPDF error: Some data has already been output, can't send PDF file' in /home/osaerp/public_html/desarrollo/lamibl/system/application/libraries/fpdf/fpdf.php:271
Stack trace:
#0 /home/osaerp/public_html/desarrollo/lamibl/system/application/libraries/fpdf/fpdf.php(1066): FPDF->Error('Some data has a...')
#1 /home/osaerp/public_html/desarrollo/lamibl/system/application/libraries/fpdf/fpdf.php(1002): FPDF->_checkoutput()
#2 /home/osaerp/public_html/desarrollo/lamibl/system/application/controllers/maestros/configuracionimpresion.php(555): FPDF->Output('I', 'temporal/Impres...')
#3 [internal function]: Configuracionimpresion->impresionDocumento('10', '1', '0', 'V')
#4 /home/osaerp/public_html/desarrollo/lamibl/system/codeigniter/CodeIgniter.php(471): call_user_func_array(Array, Array)
#5 /home/osaerp/public_html/desarrollo/lamibl/index.php(229): require_once('/home/osaerp/pu...')
#6 {main}
  thrown in /home/osaerp/public_html/desarrollo/lamibl/system/application/libraries/fpdf/fpdf.php on line 271
[20-Apr-2017 17:39:26 UTC] PHP Fatal error:  Uncaught exception 'Exception' with message 'FPDF error: Some data has already been output, can't send PDF file' in /home/osaerp/public_html/desarrollo/lamibl/system/application/libraries/fpdf/fpdf.php:271
Stack trace:
#0 /home/osaerp/public_html/desarrollo/lamibl/system/application/libraries/fpdf/fpdf.php(1066): FPDF->Error('Some data has a...')
#1 /home/osaerp/public_html/desarrollo/lamibl/system/application/libraries/fpdf/fpdf.php(1002): FPDF->_checkoutput()
#2 /home/osaerp/public_html/desarrollo/lamibl/system/application/controllers/maestros/configuracionimpresion.php(555): FPDF->Output('I', 'temporal/Impres...')
#3 [internal function]: Configuracionimpresion->impresionDocumento('11', '1', '0', 'V')
#4 /home/osaerp/public_html/desarrollo/lamibl/system/codeigniter/CodeIgniter.php(471): call_user_func_array(Array, Array)
#5 /home/osaerp/public_html/desarrollo/lamibl/index.php(229): require_once('/home/osaerp/pu...')
#6 {main}
  thrown in /home/osaerp/public_html/desarrollo/lamibl/system/application/libraries/fpdf/fpdf.php on line 271
[20-Apr-2017 17:39:30 UTC] PHP Fatal error:  Uncaught exception 'Exception' with message 'FPDF error: Some data has already been output, can't send PDF file' in /home/osaerp/public_html/desarrollo/lamibl/system/application/libraries/fpdf/fpdf.php:271
Stack trace:
#0 /home/osaerp/public_html/desarrollo/lamibl/system/application/libraries/fpdf/fpdf.php(1066): FPDF->Error('Some data has a...')
#1 /home/osaerp/public_html/desarrollo/lamibl/system/application/libraries/fpdf/fpdf.php(1002): FPDF->_checkoutput()
#2 /home/osaerp/public_html/desarrollo/lamibl/system/application/controllers/maestros/configuracionimpresion.php(555): FPDF->Output('I', 'temporal/Impres...')
#3 [internal function]: Configuracionimpresion->impresionDocumento('11', '1', '0', 'V')
#4 /home/osaerp/public_html/desarrollo/lamibl/system/codeigniter/CodeIgniter.php(471): call_user_func_array(Array, Array)
#5 /home/osaerp/public_html/desarrollo/lamibl/index.php(229): require_once('/home/osaerp/pu...')
#6 {main}
  thrown in /home/osaerp/public_html/desarrollo/lamibl/system/application/libraries/fpdf/fpdf.php on line 271
[20-Apr-2017 17:39:41 UTC] PHP Fatal error:  Uncaught exception 'Exception' with message 'FPDF error: Some data has already been output, can't send PDF file' in /home/osaerp/public_html/desarrollo/lamibl/system/application/libraries/fpdf/fpdf.php:271
Stack trace:
#0 /home/osaerp/public_html/desarrollo/lamibl/system/application/libraries/fpdf/fpdf.php(1066): FPDF->Error('Some data has a...')
#1 /home/osaerp/public_html/desarrollo/lamibl/system/application/libraries/fpdf/fpdf.php(1002): FPDF->_checkoutput()
#2 /home/osaerp/public_html/desarrollo/lamibl/system/application/controllers/maestros/configuracionimpresion.php(555): FPDF->Output('I', 'temporal/Impres...')
#3 [internal function]: Configuracionimpresion->impresionDocumento('11', '1', '0', 'V')
#4 /home/osaerp/public_html/desarrollo/lamibl/system/codeigniter/CodeIgniter.php(471): call_user_func_array(Array, Array)
#5 /home/osaerp/public_html/desarrollo/lamibl/index.php(229): require_once('/home/osaerp/pu...')
#6 {main}
  thrown in /home/osaerp/public_html/desarrollo/lamibl/system/application/libraries/fpdf/fpdf.php on line 271
[20-Apr-2017 17:39:50 UTC] PHP Fatal error:  Uncaught exception 'Exception' with message 'FPDF error: Some data has already been output, can't send PDF file' in /home/osaerp/public_html/desarrollo/lamibl/system/application/libraries/fpdf/fpdf.php:271
Stack trace:
#0 /home/osaerp/public_html/desarrollo/lamibl/system/application/libraries/fpdf/fpdf.php(1066): FPDF->Error('Some data has a...')
#1 /home/osaerp/public_html/desarrollo/lamibl/system/application/libraries/fpdf/fpdf.php(1002): FPDF->_checkoutput()
#2 /home/osaerp/public_html/desarrollo/lamibl/system/application/controllers/maestros/configuracionimpresion.php(555): FPDF->Output('I', 'temporal/Impres...')
#3 [internal function]: Configuracionimpresion->impresionDocumento('8', '1', '1', 'V')
#4 /home/osaerp/public_html/desarrollo/lamibl/system/codeigniter/CodeIgniter.php(471): call_user_func_array(Array, Array)
#5 /home/osaerp/public_html/desarrollo/lamibl/index.php(229): require_once('/home/osaerp/pu...')
#6 {main}
  thrown in /home/osaerp/public_html/desarrollo/lamibl/system/application/libraries/fpdf/fpdf.php on line 271
[20-Apr-2017 17:39:52 UTC] PHP Fatal error:  Uncaught exception 'Exception' with message 'FPDF error: Some data has already been output, can't send PDF file' in /home/osaerp/public_html/desarrollo/lamibl/system/application/libraries/fpdf/fpdf.php:271
Stack trace:
#0 /home/osaerp/public_html/desarrollo/lamibl/system/application/libraries/fpdf/fpdf.php(1066): FPDF->Error('Some data has a...')
#1 /home/osaerp/public_html/desarrollo/lamibl/system/application/libraries/fpdf/fpdf.php(1002): FPDF->_checkoutput()
#2 /home/osaerp/public_html/desarrollo/lamibl/system/application/controllers/maestros/configuracionimpresion.php(555): FPDF->Output('I', 'temporal/Impres...')
#3 [internal function]: Configuracionimpresion->impresionDocumento('3', '1', '0', 'V')
#4 /home/osaerp/public_html/desarrollo/lamibl/system/codeigniter/CodeIgniter.php(471): call_user_func_array(Array, Array)
#5 /home/osaerp/public_html/desarrollo/lamibl/index.php(229): require_once('/home/osaerp/pu...')
#6 {main}
  thrown in /home/osaerp/public_html/desarrollo/lamibl/system/application/libraries/fpdf/fpdf.php on line 271
[20-Apr-2017 17:40:46 UTC] PHP Fatal error:  Uncaught exception 'Exception' with message 'FPDF error: Some data has already been output, can't send PDF file' in /home/osaerp/public_html/desarrollo/lamibl/system/application/libraries/fpdf/fpdf.php:271
Stack trace:
#0 /home/osaerp/public_html/desarrollo/lamibl/system/application/libraries/fpdf/fpdf.php(1066): FPDF->Error('Some data has a...')
#1 /home/osaerp/public_html/desarrollo/lamibl/system/application/libraries/fpdf/fpdf.php(1002): FPDF->_checkoutput()
#2 /home/osaerp/public_html/desarrollo/lamibl/system/application/controllers/maestros/configuracionimpresion.php(555): FPDF->Output('I', 'temporal/Impres...')
#3 [internal function]: Configuracionimpresion->impresionDocumento('10', '1', '0', 'V')
#4 /home/osaerp/public_html/desarrollo/lamibl/system/codeigniter/CodeIgniter.php(471): call_user_func_array(Array, Array)
#5 /home/osaerp/public_html/desarrollo/lamibl/index.php(229): require_once('/home/osaerp/pu...')
#6 {main}
  thrown in /home/osaerp/public_html/desarrollo/lamibl/system/application/libraries/fpdf/fpdf.php on line 271
[16-Sep-2017 16:05:01 UTC] PHP Fatal error:  Call to a member function order_by() on a non-object in /home/osaerp/public_html/desarrollo/lamibl/system/application/models/tesoreria/banco_model.php on line 27
[16-Sep-2017 16:05:04 UTC] PHP Fatal error:  Call to a member function order_by() on a non-object in /home/osaerp/public_html/desarrollo/lamibl/system/application/models/tesoreria/banco_model.php on line 27
[16-Sep-2017 16:05:18 UTC] PHP Fatal error:  Call to a member function order_by() on a non-object in /home/osaerp/public_html/desarrollo/lamibl/system/application/models/tesoreria/banco_model.php on line 27
[16-Sep-2017 16:05:42 UTC] PHP Fatal error:  Call to a member function order_by() on a non-object in /home/osaerp/public_html/desarrollo/lamibl/system/application/models/tesoreria/banco_model.php on line 27
[14-Nov-2017 15:20:56 UTC] PHP Fatal error:  Uncaught exception 'Exception' with message 'FPDF error: Some data has already been output, can't send PDF file' in /home/osaerp/public_html/desarrollo/inycon/system/application/libraries/fpdf/fpdf.php:271
Stack trace:
#0 /home/osaerp/public_html/desarrollo/inycon/system/application/libraries/fpdf/fpdf.php(1066): FPDF->Error('Some data has a...')
#1 /home/osaerp/public_html/desarrollo/inycon/system/application/libraries/fpdf/fpdf.php(1002): FPDF->_checkoutput()
#2 /home/osaerp/public_html/desarrollo/inycon/system/application/controllers/maestros/configuracionimpresion.php(561): FPDF->Output('I', 'temporal/Impres...')
#3 [internal function]: Configuracionimpresion->impresionDocumento('13', '14', '0', 'C')
#4 /home/osaerp/public_html/desarrollo/inycon/system/codeigniter/CodeIgniter.php(471): call_user_func_array(Array, Array)
#5 /home/osaerp/public_html/desarrollo/inycon/index.php(229): require_once('/home/osaerp/pu...')
#6 {main}
  thrown in /home/osaerp/public_html/desarrollo/inycon/system/application/libraries/fpdf/fpdf.php on line 271
[14-Nov-2017 15:21:02 UTC] PHP Fatal error:  Uncaught exception 'Exception' with message 'FPDF error: Some data has already been output, can't send PDF file' in /home/osaerp/public_html/desarrollo/inycon/system/application/libraries/fpdf/fpdf.php:271
Stack trace:
#0 /home/osaerp/public_html/desarrollo/inycon/system/application/libraries/fpdf/fpdf.php(1066): FPDF->Error('Some data has a...')
#1 /home/osaerp/public_html/desarrollo/inycon/system/application/libraries/fpdf/fpdf.php(1002): FPDF->_checkoutput()
#2 /home/osaerp/public_html/desarrollo/inycon/system/application/controllers/maestros/configuracionimpresion.php(561): FPDF->Output('I', 'temporal/Impres...')
#3 [internal function]: Configuracionimpresion->impresionDocumento('17', '14', '0', 'C')
#4 /home/osaerp/public_html/desarrollo/inycon/system/codeigniter/CodeIgniter.php(471): call_user_func_array(Array, Array)
#5 /home/osaerp/public_html/desarrollo/inycon/index.php(229): require_once('/home/osaerp/pu...')
#6 {main}
  thrown in /home/osaerp/public_html/desarrollo/inycon/system/application/libraries/fpdf/fpdf.php on line 271
[23-Jan-2018 09:27:35 America/Los_Angeles] PHP Parse error:  syntax error, unexpected '<' in /home/osaerp/public_html/desarrollo/inycon/system/application/views/compras/ocompra_nueva.php on line 610
[23-Jan-2018 09:27:53 America/Los_Angeles] PHP Parse error:  syntax error, unexpected '<' in /home/osaerp/public_html/desarrollo/inycon/system/application/views/compras/ocompra_nueva.php on line 610
[21-Oct-2022 12:45:27 America/Lima] PHP Fatal error:  Uncaught Error: Class 'Cezpdf' not found in /home/amcsolution2/public_html/desarrollo/demoerp/system/application/controllers/ventas/comprobante.php:7062
Stack trace:
#0 /home/amcsolution2/public_html/desarrollo/demoerp/system/codeigniter/CodeIgniter.php(471): Comprobante->verPdf('V', 'N', '_____')
#1 /home/amcsolution2/public_html/desarrollo/demoerp/index.php(229): require_once('/home/amcsoluti...')
#2 {main}
  thrown in /home/amcsolution2/public_html/desarrollo/demoerp/system/application/controllers/ventas/comprobante.php on line 7062
[21-Oct-2022 12:45:29 America/Lima] PHP Fatal error:  Uncaught Error: Class 'Cezpdf' not found in /home/amcsolution2/public_html/desarrollo/demoerp/system/application/controllers/ventas/comprobante.php:7062
Stack trace:
#0 /home/amcsolution2/public_html/desarrollo/demoerp/system/codeigniter/CodeIgniter.php(471): Comprobante->verPdf('V', 'N', '_____')
#1 /home/amcsolution2/public_html/desarrollo/demoerp/index.php(229): require_once('/home/amcsoluti...')
#2 {main}
  thrown in /home/amcsolution2/public_html/desarrollo/demoerp/system/application/controllers/ventas/comprobante.php on line 7062
[21-Oct-2022 12:45:30 America/Lima] PHP Fatal error:  Uncaught Error: Class 'Cezpdf' not found in /home/amcsolution2/public_html/desarrollo/demoerp/system/application/controllers/ventas/comprobante.php:7062
Stack trace:
#0 /home/amcsolution2/public_html/desarrollo/demoerp/system/codeigniter/CodeIgniter.php(471): Comprobante->verPdf('V', 'N', '_____')
#1 /home/amcsolution2/public_html/desarrollo/demoerp/index.php(229): require_once('/home/amcsoluti...')
#2 {main}
  thrown in /home/amcsolution2/public_html/desarrollo/demoerp/system/application/controllers/ventas/comprobante.php on line 7062
[21-Oct-2022 12:45:33 America/Lima] PHP Fatal error:  Uncaught Error: Class 'Cezpdf' not found in /home/amcsolution2/public_html/desarrollo/demoerp/system/application/controllers/ventas/comprobante.php:7062
Stack trace:
#0 /home/amcsolution2/public_html/desarrollo/demoerp/system/codeigniter/CodeIgniter.php(471): Comprobante->verPdf('V', 'N', '_____')
#1 /home/amcsolution2/public_html/desarrollo/demoerp/index.php(229): require_once('/home/amcsoluti...')
#2 {main}
  thrown in /home/amcsolution2/public_html/desarrollo/demoerp/system/application/controllers/ventas/comprobante.php on line 7062
[07-May-2023 18:21:58 America/Lima] PHP Fatal error:  Uncaught Error: Call to undefined method Ventas_Model::total_pagos() in /home/amcsolution2/public_html/desarrollo/demoerp/system/application/controllers/reportes/ventas.php:3895
Stack trace:
#0 /home/amcsolution2/public_html/desarrollo/demoerp/system/codeigniter/CodeIgniter.php(471): Ventas->descargarExcel('2023-01-09', '2023-05-16')
#1 /home/amcsolution2/public_html/desarrollo/demoerp/index.php(229): require_once('/home/amcsoluti...')
#2 {main}
  thrown in /home/amcsolution2/public_html/desarrollo/demoerp/system/application/controllers/reportes/ventas.php on line 3895
[09-May-2023 10:25:34 America/Lima] PHP Fatal error:  Uncaught Error: Call to undefined method Ventas_Model::total_pagos() in /home/amcsolution2/public_html/desarrollo/demoerp/system/application/controllers/reportes/ventas.php:3895
Stack trace:
#0 /home/amcsolution2/public_html/desarrollo/demoerp/system/codeigniter/CodeIgniter.php(471): Ventas->descargarExcel('2022-11-01', '2023-05-31')
#1 /home/amcsolution2/public_html/desarrollo/demoerp/index.php(229): require_once('/home/amcsoluti...')
#2 {main}
  thrown in /home/amcsolution2/public_html/desarrollo/demoerp/system/application/controllers/reportes/ventas.php on line 3895
[09-May-2023 10:25:38 America/Lima] PHP Fatal error:  Uncaught Error: Call to undefined method Ventas_Model::total_pagos() in /home/amcsolution2/public_html/desarrollo/demoerp/system/application/controllers/reportes/ventas.php:3895
Stack trace:
#0 /home/amcsolution2/public_html/desarrollo/demoerp/system/codeigniter/CodeIgniter.php(471): Ventas->descargarExcel('2022-11-01', '2023-05-31')
#1 /home/amcsolution2/public_html/desarrollo/demoerp/index.php(229): require_once('/home/amcsoluti...')
#2 {main}
  thrown in /home/amcsolution2/public_html/desarrollo/demoerp/system/application/controllers/reportes/ventas.php on line 3895
[09-May-2023 10:25:39 America/Lima] PHP Fatal error:  Uncaught Error: Call to undefined method Ventas_Model::total_pagos() in /home/amcsolution2/public_html/desarrollo/demoerp/system/application/controllers/reportes/ventas.php:3895
Stack trace:
#0 /home/amcsolution2/public_html/desarrollo/demoerp/system/codeigniter/CodeIgniter.php(471): Ventas->descargarExcel('2022-11-01', '2023-05-31')
#1 /home/amcsolution2/public_html/desarrollo/demoerp/index.php(229): require_once('/home/amcsoluti...')
#2 {main}
  thrown in /home/amcsolution2/public_html/desarrollo/demoerp/system/application/controllers/reportes/ventas.php on line 3895
[10-May-2023 12:11:46 America/Lima] PHP Fatal error:  Uncaught Error: Class 'Cezpdf' not found in /home/amcsolution2/public_html/desarrollo/demoerp/system/application/controllers/ventas/comprobante.php:7062
Stack trace:
#0 /home/amcsolution2/public_html/desarrollo/demoerp/system/codeigniter/CodeIgniter.php(471): Comprobante->verPdf('V', 'F', '_____')
#1 /home/amcsolution2/public_html/desarrollo/demoerp/index.php(229): require_once('/home/amcsoluti...')
#2 {main}
  thrown in /home/amcsolution2/public_html/desarrollo/demoerp/system/application/controllers/ventas/comprobante.php on line 7062
[17-May-2023 12:21:30 America/Lima] PHP Fatal error:  Uncaught Error: Class 'Cezpdf' not found in /home/amcsolution2/public_html/desarrollo/demoerp/system/application/controllers/ventas/comprobante.php:7062
Stack trace:
#0 /home/amcsolution2/public_html/desarrollo/demoerp/system/codeigniter/CodeIgniter.php(471): Comprobante->verPdf('V', 'N', '_____')
#1 /home/amcsolution2/public_html/desarrollo/demoerp/index.php(229): require_once('/home/amcsoluti...')
#2 {main}
  thrown in /home/amcsolution2/public_html/desarrollo/demoerp/system/application/controllers/ventas/comprobante.php on line 7062
[07-Jul-2023 16:55:20 America/Lima] PHP Fatal error:  Uncaught Error: Class 'Cezpdf' not found in /home/amcsolution2/public_html/produccion/sani/system/application/controllers/ventas/comprobante.php:7062
Stack trace:
#0 /home/amcsolution2/public_html/produccion/sani/system/codeigniter/CodeIgniter.php(471): Comprobante->verPdf('V', 'F', '_____')
#1 /home/amcsolution2/public_html/produccion/sani/index.php(229): require_once('/home/amcsoluti...')
#2 {main}
  thrown in /home/amcsolution2/public_html/produccion/sani/system/application/controllers/ventas/comprobante.php on line 7062
[25-Jul-2023 16:56:28 America/Lima] PHP Fatal error:  Uncaught Error: Class 'Cezpdf' not found in /home/amcsolution2/public_html/produccion/sani/system/application/controllers/ventas/comprobante.php:7068
Stack trace:
#0 /home/amcsolution2/public_html/produccion/sani/system/codeigniter/CodeIgniter.php(471): Comprobante->verPdf('C', 'F', '_____')
#1 /home/amcsolution2/public_html/produccion/sani/index.php(229): require_once('/home/amcsoluti...')
#2 {main}
  thrown in /home/amcsolution2/public_html/produccion/sani/system/application/controllers/ventas/comprobante.php on line 7068
[27-Jul-2023 16:18:13 America/Lima] PHP Fatal error:  Uncaught Error: Class 'Cezpdf' not found in /home/amcsolution2/public_html/produccion/sani/system/application/controllers/ventas/comprobante.php:7068
Stack trace:
#0 /home/amcsolution2/public_html/produccion/sani/system/codeigniter/CodeIgniter.php(471): Comprobante->verPdf('V', 'F', '_____')
#1 /home/amcsolution2/public_html/produccion/sani/index.php(229): require_once('/home/amcsoluti...')
#2 {main}
  thrown in /home/amcsolution2/public_html/produccion/sani/system/application/controllers/ventas/comprobante.php on line 7068
[13-Sep-2023 10:35:44 America/Lima] PHP Fatal error:  Uncaught Error: Call to undefined function obtenerDatos() in /home/osafactc2/public_html/desarrollo/sani/system/application/controllers/reportes/ventas.php:1938
Stack trace:
#0 /home/osafactc2/public_html/desarrollo/sani/system/codeigniter/CodeIgniter.php(471): Ventas->ventasDiarias_pdf('2023-9-13', 'administrador')
#1 /home/osafactc2/public_html/desarrollo/sani/index.php(229): require_once('/home/osafactc2...')
#2 {main}
  thrown in /home/osafactc2/public_html/desarrollo/sani/system/application/controllers/reportes/ventas.php on line 1938
[13-Sep-2023 11:26:39 America/Lima] PHP Fatal error:  Uncaught Error: Call to a member function imprime() on null in /home/osafactc2/public_html/desarrollo/sani/system/application/controllers/reportes/ventas.php:1936
Stack trace:
#0 /home/osafactc2/public_html/desarrollo/sani/system/codeigniter/CodeIgniter.php(471): Ventas->ventasDiarias_pdf('2023-9-13', 'administrador')
#1 /home/osafactc2/public_html/desarrollo/sani/index.php(229): require_once('/home/osafactc2...')
#2 {main}
  thrown in /home/osafactc2/public_html/desarrollo/sani/system/application/controllers/reportes/ventas.php on line 1936
[13-Sep-2023 11:26:40 America/Lima] PHP Fatal error:  Uncaught Error: Call to a member function imprime() on null in /home/osafactc2/public_html/desarrollo/sani/system/application/controllers/reportes/ventas.php:1936
Stack trace:
#0 /home/osafactc2/public_html/desarrollo/sani/system/codeigniter/CodeIgniter.php(471): Ventas->ventasDiarias_pdf('2023-9-13', 'administrador')
#1 /home/osafactc2/public_html/desarrollo/sani/index.php(229): require_once('/home/osafactc2...')
#2 {main}
  thrown in /home/osafactc2/public_html/desarrollo/sani/system/application/controllers/reportes/ventas.php on line 1936
[24-May-2024 11:23:25 America/Lima] PHP Fatal error:  Uncaught Error: Call to a member function confirmInventariado() on null in /home/osafactc2/public_html/desarrollo/demo_erp/system/application/controllers/ventas/notacredito.php:4770
Stack trace:
#0 /home/osafactc2/public_html/desarrollo/demo_erp/system/application/controllers/ventas/notacredito.php(4478): Notacredito->aumentar_stock(Object(stdClass))
#1 /home/osafactc2/public_html/desarrollo/demo_erp/system/application/controllers/ventas/notacredito.php(1781): Notacredito->actualizar_stock_nota(Object(stdClass))
#2 /home/osafactc2/public_html/desarrollo/demo_erp/system/codeigniter/CodeIgniter.php(471): Notacredito->envioSunatFac('8')
#3 /home/osafactc2/public_html/desarrollo/demo_erp/index.php(229): require_once('/home/osafactc2...')
#4 {main}
  thrown in /home/osafactc2/public_html/desarrollo/demo_erp/system/application/controllers/ventas/notacredito.php on line 4770
[14-Jun-2024 15:35:48 America/Lima] PHP Fatal error:  Uncaught Error: Call to undefined method Ventas_Model::total_pagos() in /home/osafactc2/public_html/desarrollo/demo_erp/system/application/controllers/reportes/ventas.php:4289
Stack trace:
#0 /home/osafactc2/public_html/desarrollo/demo_erp/system/codeigniter/CodeIgniter.php(471): Ventas->descargarExcel('2024-06-02', '2024-06-14')
#1 /home/osafactc2/public_html/desarrollo/demo_erp/index.php(229): require_once('/home/osafactc2...')
#2 {main}
  thrown in /home/osafactc2/public_html/desarrollo/demo_erp/system/application/controllers/reportes/ventas.php on line 4289
[07-Oct-2024 11:45:45 America/Lima] PHP Fatal error:  Uncaught Error: Call to undefined method Ventas_Model::total_pagos() in /home/osafactc2/public_html/desarrollo/demo_erp/system/application/controllers/reportes/ventas.php:4289
Stack trace:
#0 /home/osafactc2/public_html/desarrollo/demo_erp/system/codeigniter/CodeIgniter.php(471): Ventas->descargarExcel('2024-07-07', '2024-10-07')
#1 /home/osafactc2/public_html/desarrollo/demo_erp/index.php(229): require_once('/home/osafactc2...')
#2 {main}
  thrown in /home/osafactc2/public_html/desarrollo/demo_erp/system/application/controllers/reportes/ventas.php on line 4289
[07-Oct-2024 11:45:46 America/Lima] PHP Fatal error:  Uncaught Error: Call to undefined method Ventas_Model::total_pagos() in /home/osafactc2/public_html/desarrollo/demo_erp/system/application/controllers/reportes/ventas.php:4289
Stack trace:
#0 /home/osafactc2/public_html/desarrollo/demo_erp/system/codeigniter/CodeIgniter.php(471): Ventas->descargarExcel('2024-07-07', '2024-10-07')
#1 /home/osafactc2/public_html/desarrollo/demo_erp/index.php(229): require_once('/home/osafactc2...')
#2 {main}
  thrown in /home/osafactc2/public_html/desarrollo/demo_erp/system/application/controllers/reportes/ventas.php on line 4289
[07-Oct-2024 11:45:59 America/Lima] PHP Fatal error:  Uncaught Error: Call to undefined method Ventas_Model::total_pagos() in /home/osafactc2/public_html/desarrollo/demo_erp/system/application/controllers/reportes/ventas.php:4289
Stack trace:
#0 /home/osafactc2/public_html/desarrollo/demo_erp/system/codeigniter/CodeIgniter.php(471): Ventas->descargarExcel('2024-07-08', '2024-10-06')
#1 /home/osafactc2/public_html/desarrollo/demo_erp/index.php(229): require_once('/home/osafactc2...')
#2 {main}
  thrown in /home/osafactc2/public_html/desarrollo/demo_erp/system/application/controllers/reportes/ventas.php on line 4289
[04-Jan-2025 13:18:00 America/Lima] PHP Fatal error:  Uncaught Error: Call to undefined method Temporaldetalle_Model::obtenerproducto() in /home/osafactc2/public_html/produccion/fermotor/system/application/controllers/ventas/comprobante.php:447
Stack trace:
#0 /home/osafactc2/public_html/produccion/fermotor/system/codeigniter/CodeIgniter.php(471): Comprobante->disparador('C', '2347', 'F')
#1 /home/osafactc2/public_html/produccion/fermotor/index.php(229): require_once('/home/osafactc2...')
#2 {main}
  thrown in /home/osafactc2/public_html/produccion/fermotor/system/application/controllers/ventas/comprobante.php on line 447
[04-Jan-2025 13:19:09 America/Lima] PHP Fatal error:  Uncaught Error: Call to undefined method Temporaldetalle_Model::obtenerproducto() in /home/osafactc2/public_html/produccion/fermotor/system/application/controllers/ventas/comprobante.php:447
Stack trace:
#0 /home/osafactc2/public_html/produccion/fermotor/system/codeigniter/CodeIgniter.php(471): Comprobante->disparador('C', '2347', 'F')
#1 /home/osafactc2/public_html/produccion/fermotor/index.php(229): require_once('/home/osafactc2...')
#2 {main}
  thrown in /home/osafactc2/public_html/produccion/fermotor/system/application/controllers/ventas/comprobante.php on line 447
[04-Jan-2025 14:09:20 America/Lima] PHP Fatal error:  Uncaught Error: Call to undefined method Temporaldetalle_Model::obtenerproducto() in /home/osafactc2/public_html/produccion/fermotor/system/application/controllers/ventas/comprobante.php:447
Stack trace:
#0 /home/osafactc2/public_html/produccion/fermotor/system/codeigniter/CodeIgniter.php(471): Comprobante->disparador('C', '2347', 'F')
#1 /home/osafactc2/public_html/produccion/fermotor/index.php(229): require_once('/home/osafactc2...')
#2 {main}
  thrown in /home/osafactc2/public_html/produccion/fermotor/system/application/controllers/ventas/comprobante.php on line 447
[04-Jan-2025 14:40:47 America/Lima] PHP Fatal error:  Uncaught Error: Call to undefined method Temporaldetalle_Model::obtenerproducto() in /home/osafactc2/public_html/produccion/fermotor/system/application/controllers/ventas/comprobante.php:447
Stack trace:
#0 /home/osafactc2/public_html/produccion/fermotor/system/codeigniter/CodeIgniter.php(471): Comprobante->disparador('C', '2347', 'F')
#1 /home/osafactc2/public_html/produccion/fermotor/index.php(229): require_once('/home/osafactc2...')
#2 {main}
  thrown in /home/osafactc2/public_html/produccion/fermotor/system/application/controllers/ventas/comprobante.php on line 447
[04-Jan-2025 15:25:58 America/Lima] PHP Fatal error:  Uncaught Error: Call to undefined method Temporaldetalle_Model::obtenerproducto() in /home/osafactc2/public_html/produccion/fermotor/system/application/controllers/ventas/comprobante.php:447
Stack trace:
#0 /home/osafactc2/public_html/produccion/fermotor/system/codeigniter/CodeIgniter.php(471): Comprobante->disparador('C', '2347', 'F')
#1 /home/osafactc2/public_html/produccion/fermotor/index.php(229): require_once('/home/osafactc2...')
#2 {main}
  thrown in /home/osafactc2/public_html/produccion/fermotor/system/application/controllers/ventas/comprobante.php on line 447
[04-Jan-2025 16:06:05 America/Lima] PHP Fatal error:  Uncaught Error: Call to undefined method Temporaldetalle_Model::obtenerproducto() in /home/osafactc2/public_html/produccion/fermotor/system/application/controllers/ventas/comprobante.php:447
Stack trace:
#0 /home/osafactc2/public_html/produccion/fermotor/system/codeigniter/CodeIgniter.php(471): Comprobante->disparador('C', '2373', 'B')
#1 /home/osafactc2/public_html/produccion/fermotor/index.php(229): require_once('/home/osafactc2...')
#2 {main}
  thrown in /home/osafactc2/public_html/produccion/fermotor/system/application/controllers/ventas/comprobante.php on line 447
[04-Jan-2025 16:21:27 America/Lima] PHP Fatal error:  Uncaught Error: Call to undefined method Temporaldetalle_Model::obtenerproducto() in /home/osafactc2/public_html/produccion/fermotor/system/application/controllers/ventas/comprobante.php:447
Stack trace:
#0 /home/osafactc2/public_html/produccion/fermotor/system/codeigniter/CodeIgniter.php(471): Comprobante->disparador('C', '2375', 'N')
#1 /home/osafactc2/public_html/produccion/fermotor/index.php(229): require_once('/home/osafactc2...')
#2 {main}
  thrown in /home/osafactc2/public_html/produccion/fermotor/system/application/controllers/ventas/comprobante.php on line 447
[04-Jan-2025 16:21:44 America/Lima] PHP Fatal error:  Uncaught Error: Call to undefined method Temporaldetalle_Model::obtenerproducto() in /home/osafactc2/public_html/produccion/fermotor/system/application/controllers/ventas/comprobante.php:447
Stack trace:
#0 /home/osafactc2/public_html/produccion/fermotor/system/codeigniter/CodeIgniter.php(471): Comprobante->disparador('C', '2373', 'B')
#1 /home/osafactc2/public_html/produccion/fermotor/index.php(229): require_once('/home/osafactc2...')
#2 {main}
  thrown in /home/osafactc2/public_html/produccion/fermotor/system/application/controllers/ventas/comprobante.php on line 447
[04-Jan-2025 20:44:19 America/Lima] PHP Fatal error:  Uncaught Error: Call to undefined method Temporaldetalle_Model::obtenerproducto() in /home/osafactc2/public_html/produccion/fermotor/system/application/controllers/ventas/comprobante.php:447
Stack trace:
#0 /home/osafactc2/public_html/produccion/fermotor/system/codeigniter/CodeIgniter.php(471): Comprobante->disparador('C', '2412', 'F')
#1 /home/osafactc2/public_html/produccion/fermotor/index.php(229): require_once('/home/osafactc2...')
#2 {main}
  thrown in /home/osafactc2/public_html/produccion/fermotor/system/application/controllers/ventas/comprobante.php on line 447
[06-Jan-2025 09:05:42 America/Lima] PHP Fatal error:  Uncaught Error: Call to undefined method Temporaldetalle_Model::obtenerproducto() in /home/osafactc2/public_html/produccion/fermotor/system/application/controllers/ventas/comprobante.php:447
Stack trace:
#0 /home/osafactc2/public_html/produccion/fermotor/system/codeigniter/CodeIgniter.php(471): Comprobante->disparador('C', '2375', 'N')
#1 /home/osafactc2/public_html/produccion/fermotor/index.php(229): require_once('/home/osafactc2...')
#2 {main}
  thrown in /home/osafactc2/public_html/produccion/fermotor/system/application/controllers/ventas/comprobante.php on line 447
[06-Jan-2025 09:18:06 America/Lima] PHP Fatal error:  Uncaught Error: Call to undefined method Temporaldetalle_Model::obtenerproducto() in /home/osafactc2/public_html/produccion/fermotor/system/application/controllers/ventas/comprobante.php:447
Stack trace:
#0 /home/osafactc2/public_html/produccion/fermotor/system/codeigniter/CodeIgniter.php(471): Comprobante->disparador('C', '2347', 'F')
#1 /home/osafactc2/public_html/produccion/fermotor/index.php(229): require_once('/home/osafactc2...')
#2 {main}
  thrown in /home/osafactc2/public_html/produccion/fermotor/system/application/controllers/ventas/comprobante.php on line 447
[06-Jan-2025 09:19:26 America/Lima] PHP Fatal error:  Uncaught Error: Call to undefined method Temporaldetalle_Model::obtenerproducto() in /home/osafactc2/public_html/produccion/fermotor/system/application/controllers/ventas/comprobante.php:447
Stack trace:
#0 /home/osafactc2/public_html/produccion/fermotor/system/codeigniter/CodeIgniter.php(471): Comprobante->disparador('C', '2347', 'F')
#1 /home/osafactc2/public_html/produccion/fermotor/index.php(229): require_once('/home/osafactc2...')
#2 {main}
  thrown in /home/osafactc2/public_html/produccion/fermotor/system/application/controllers/ventas/comprobante.php on line 447
[06-Jan-2025 09:19:40 America/Lima] PHP Fatal error:  Uncaught Error: Call to undefined method Temporaldetalle_Model::obtenerproducto() in /home/osafactc2/public_html/produccion/fermotor/system/application/controllers/ventas/comprobante.php:447
Stack trace:
#0 /home/osafactc2/public_html/produccion/fermotor/system/codeigniter/CodeIgniter.php(471): Comprobante->disparador('C', '2347', 'F')
#1 /home/osafactc2/public_html/produccion/fermotor/index.php(229): require_once('/home/osafactc2...')
#2 {main}
  thrown in /home/osafactc2/public_html/produccion/fermotor/system/application/controllers/ventas/comprobante.php on line 447
[06-Jan-2025 09:20:58 America/Lima] PHP Fatal error:  Uncaught Error: Call to undefined method Temporaldetalle_Model::obtenerproducto() in /home/osafactc2/public_html/produccion/fermotor/system/application/controllers/ventas/comprobante.php:447
Stack trace:
#0 /home/osafactc2/public_html/produccion/fermotor/system/codeigniter/CodeIgniter.php(471): Comprobante->disparador('C', '2347', 'F')
#1 /home/osafactc2/public_html/produccion/fermotor/index.php(229): require_once('/home/osafactc2...')
#2 {main}
  thrown in /home/osafactc2/public_html/produccion/fermotor/system/application/controllers/ventas/comprobante.php on line 447
[06-Jan-2025 09:22:19 America/Lima] PHP Fatal error:  Uncaught Error: Call to undefined method Temporaldetalle_Model::obtenerproducto() in /home/osafactc2/public_html/produccion/fermotor/system/application/controllers/ventas/comprobante.php:447
Stack trace:
#0 /home/osafactc2/public_html/produccion/fermotor/system/codeigniter/CodeIgniter.php(471): Comprobante->disparador('C', '2412', 'F')
#1 /home/osafactc2/public_html/produccion/fermotor/index.php(229): require_once('/home/osafactc2...')
#2 {main}
  thrown in /home/osafactc2/public_html/produccion/fermotor/system/application/controllers/ventas/comprobante.php on line 447
[06-Jan-2025 09:22:30 America/Lima] PHP Fatal error:  Uncaught Error: Call to undefined method Temporaldetalle_Model::obtenerproducto() in /home/osafactc2/public_html/produccion/fermotor/system/application/controllers/ventas/comprobante.php:447
Stack trace:
#0 /home/osafactc2/public_html/produccion/fermotor/system/codeigniter/CodeIgniter.php(471): Comprobante->disparador('C', '2347', 'F')
#1 /home/osafactc2/public_html/produccion/fermotor/index.php(229): require_once('/home/osafactc2...')
#2 {main}
  thrown in /home/osafactc2/public_html/produccion/fermotor/system/application/controllers/ventas/comprobante.php on line 447
[06-Jan-2025 09:48:01 America/Lima] PHP Fatal error:  Uncaught Error: Call to undefined method Temporaldetalle_Model::obtenerproducto() in /home/osafactc2/public_html/produccion/fermotor/system/application/controllers/ventas/comprobante.php:447
Stack trace:
#0 /home/osafactc2/public_html/produccion/fermotor/system/codeigniter/CodeIgniter.php(471): Comprobante->disparador('C', '2412', 'F')
#1 /home/osafactc2/public_html/produccion/fermotor/index.php(229): require_once('/home/osafactc2...')
#2 {main}
  thrown in /home/osafactc2/public_html/produccion/fermotor/system/application/controllers/ventas/comprobante.php on line 447
[06-Jan-2025 09:51:48 America/Lima] PHP Fatal error:  Uncaught Error: Call to undefined method Temporaldetalle_Model::obtenerproducto() in /home/osafactc2/public_html/produccion/fermotor/system/application/controllers/ventas/comprobante.php:447
Stack trace:
#0 /home/osafactc2/public_html/produccion/fermotor/system/codeigniter/CodeIgniter.php(471): Comprobante->disparador('C', '2347', 'F')
#1 /home/osafactc2/public_html/produccion/fermotor/index.php(229): require_once('/home/osafactc2...')
#2 {main}
  thrown in /home/osafactc2/public_html/produccion/fermotor/system/application/controllers/ventas/comprobante.php on line 447
[06-Jan-2025 09:51:55 America/Lima] PHP Fatal error:  Uncaught Error: Call to undefined method Temporaldetalle_Model::obtenerproducto() in /home/osafactc2/public_html/produccion/fermotor/system/application/controllers/ventas/comprobante.php:447
Stack trace:
#0 /home/osafactc2/public_html/produccion/fermotor/system/codeigniter/CodeIgniter.php(471): Comprobante->disparador('C', '2347', 'F')
#1 /home/osafactc2/public_html/produccion/fermotor/index.php(229): require_once('/home/osafactc2...')
#2 {main}
  thrown in /home/osafactc2/public_html/produccion/fermotor/system/application/controllers/ventas/comprobante.php on line 447
[06-Jan-2025 09:59:30 America/Lima] PHP Fatal error:  Uncaught Error: Call to undefined method Temporaldetalle_Model::obtenerproducto() in /home/osafactc2/public_html/produccion/fermotor/system/application/controllers/ventas/comprobante.php:447
Stack trace:
#0 /home/osafactc2/public_html/produccion/fermotor/system/codeigniter/CodeIgniter.php(471): Comprobante->disparador('C', '2412', 'F')
#1 /home/osafactc2/public_html/produccion/fermotor/index.php(229): require_once('/home/osafactc2...')
#2 {main}
  thrown in /home/osafactc2/public_html/produccion/fermotor/system/application/controllers/ventas/comprobante.php on line 447
[06-Jan-2025 09:59:37 America/Lima] PHP Fatal error:  Uncaught Error: Call to undefined method Temporaldetalle_Model::obtenerproducto() in /home/osafactc2/public_html/produccion/fermotor/system/application/controllers/ventas/comprobante.php:447
Stack trace:
#0 /home/osafactc2/public_html/produccion/fermotor/system/codeigniter/CodeIgniter.php(471): Comprobante->disparador('C', '2412', 'F')
#1 /home/osafactc2/public_html/produccion/fermotor/index.php(229): require_once('/home/osafactc2...')
#2 {main}
  thrown in /home/osafactc2/public_html/produccion/fermotor/system/application/controllers/ventas/comprobante.php on line 447
[26-Feb-2025 17:25:54 America/Lima] PHP Fatal error:  Maximum execution time of 30 seconds exceeded in /home/osafactc2/public_html/produccion/fermotor/system/application/third_party/dompdf-master/src/FrameDecorator/AbstractFrameDecorator.php on line 199
[26-Feb-2025 17:28:25 America/Lima] PHP Fatal error:  Maximum execution time of 30 seconds exceeded in /home/osafactc2/public_html/produccion/fermotor/system/application/third_party/dompdf-master/src/FrameDecorator/AbstractFrameDecorator.php on line 198
[26-Feb-2025 17:29:07 America/Lima] PHP Fatal error:  Maximum execution time of 30 seconds exceeded in /home/osafactc2/public_html/produccion/fermotor/system/application/third_party/dompdf-master/src/FrameDecorator/AbstractFrameDecorator.php on line 198
[26-Feb-2025 17:37:23 America/Lima] PHP Fatal error:  Maximum execution time of 30 seconds exceeded in /home/osafactc2/public_html/produccion/fermotor/system/application/third_party/dompdf-master/src/FrameDecorator/AbstractFrameDecorator.php on line 439
[26-Feb-2025 17:38:07 America/Lima] PHP Fatal error:  Maximum execution time of 30 seconds exceeded in /home/osafactc2/public_html/produccion/fermotor/system/application/third_party/dompdf-master/src/FrameDecorator/AbstractFrameDecorator.php on line 243
[26-Feb-2025 17:38:56 America/Lima] PHP Fatal error:  Maximum execution time of 30 seconds exceeded in /home/osafactc2/public_html/produccion/fermotor/system/application/third_party/dompdf-master/src/FrameDecorator/AbstractFrameDecorator.php on line 198
[14-Mar-2025 14:50:33 America/Lima] PHP Fatal error:  Maximum execution time of 30 seconds exceeded in /home/osafactc2/public_html/produccion/fermotor/system/application/third_party/dompdf-master/src/Cellmap.php on line 466
[21-Mar-2025 12:22:29 America/Lima] PHP Fatal error:  Uncaught ArgumentCountError: Too few arguments to function Producto_model::modificar_costoventaAnterior(), 2 passed in /home/osafactc2/public_html/produccion/fermotor/system/application/controllers/ventas/comprobante.php on line 467 and exactly 4 expected in /home/osafactc2/public_html/produccion/fermotor/system/application/models/almacen/producto_model.php:1657
Stack trace:
#0 /home/osafactc2/public_html/produccion/fermotor/system/application/controllers/ventas/comprobante.php(467): Producto_model->modificar_costoventaAnterior('3604', '9')
#1 /home/osafactc2/public_html/produccion/fermotor/system/codeigniter/CodeIgniter.php(471): Comprobante->disparador('C', '9482', 'F')
#2 /home/osafactc2/public_html/produccion/fermotor/index.php(229): require_once('/home/osafactc2...')
#3 {main}
  thrown in /home/osafactc2/public_html/produccion/fermotor/system/application/models/almacen/producto_model.php on line 1657
[21-Mar-2025 12:22:45 America/Lima] PHP Fatal error:  Uncaught ArgumentCountError: Too few arguments to function Producto_model::modificar_costoventaAnterior(), 2 passed in /home/osafactc2/public_html/produccion/fermotor/system/application/controllers/ventas/comprobante.php on line 467 and exactly 4 expected in /home/osafactc2/public_html/produccion/fermotor/system/application/models/almacen/producto_model.php:1657
Stack trace:
#0 /home/osafactc2/public_html/produccion/fermotor/system/application/controllers/ventas/comprobante.php(467): Producto_model->modificar_costoventaAnterior('3604', '9')
#1 /home/osafactc2/public_html/produccion/fermotor/system/codeigniter/CodeIgniter.php(471): Comprobante->disparador('C', '9482', 'F')
#2 /home/osafactc2/public_html/produccion/fermotor/index.php(229): require_once('/home/osafactc2...')
#3 {main}
  thrown in /home/osafactc2/public_html/produccion/fermotor/system/application/models/almacen/producto_model.php on line 1657
[21-Mar-2025 12:22:58 America/Lima] PHP Fatal error:  Uncaught ArgumentCountError: Too few arguments to function Producto_model::modificar_costoventaAnterior(), 2 passed in /home/osafactc2/public_html/produccion/fermotor/system/application/controllers/ventas/comprobante.php on line 467 and exactly 4 expected in /home/osafactc2/public_html/produccion/fermotor/system/application/models/almacen/producto_model.php:1657
Stack trace:
#0 /home/osafactc2/public_html/produccion/fermotor/system/application/controllers/ventas/comprobante.php(467): Producto_model->modificar_costoventaAnterior('3604', '9')
#1 /home/osafactc2/public_html/produccion/fermotor/system/codeigniter/CodeIgniter.php(471): Comprobante->disparador('C', '9482', 'F')
#2 /home/osafactc2/public_html/produccion/fermotor/index.php(229): require_once('/home/osafactc2...')
#3 {main}
  thrown in /home/osafactc2/public_html/produccion/fermotor/system/application/models/almacen/producto_model.php on line 1657
[21-Mar-2025 12:25:53 America/Lima] PHP Fatal error:  Uncaught ArgumentCountError: Too few arguments to function Producto_model::modificar_costoventaAnterior(), 2 passed in /home/osafactc2/public_html/produccion/fermotor/system/application/controllers/ventas/comprobante.php on line 467 and exactly 4 expected in /home/osafactc2/public_html/produccion/fermotor/system/application/models/almacen/producto_model.php:1657
Stack trace:
#0 /home/osafactc2/public_html/produccion/fermotor/system/application/controllers/ventas/comprobante.php(467): Producto_model->modificar_costoventaAnterior('3604', '9')
#1 /home/osafactc2/public_html/produccion/fermotor/system/codeigniter/CodeIgniter.php(471): Comprobante->disparador('C', '9482', 'F')
#2 /home/osafactc2/public_html/produccion/fermotor/index.php(229): require_once('/home/osafactc2...')
#3 {main}
  thrown in /home/osafactc2/public_html/produccion/fermotor/system/application/models/almacen/producto_model.php on line 1657
[21-Mar-2025 15:30:28 America/Lima] PHP Fatal error:  Uncaught ArgumentCountError: Too few arguments to function Producto_model::modificar_costoventaAnterior(), 2 passed in /home/osafactc2/public_html/produccion/fermotor/system/application/controllers/ventas/comprobante.php on line 467 and exactly 4 expected in /home/osafactc2/public_html/produccion/fermotor/system/application/models/almacen/producto_model.php:1657
Stack trace:
#0 /home/osafactc2/public_html/produccion/fermotor/system/application/controllers/ventas/comprobante.php(467): Producto_model->modificar_costoventaAnterior('3604', '9')
#1 /home/osafactc2/public_html/produccion/fermotor/system/codeigniter/CodeIgniter.php(471): Comprobante->disparador('C', '9482', 'F')
#2 /home/osafactc2/public_html/produccion/fermotor/index.php(229): require_once('/home/osafactc2...')
#3 {main}
  thrown in /home/osafactc2/public_html/produccion/fermotor/system/application/models/almacen/producto_model.php on line 1657
[22-Mar-2025 17:48:50 America/Lima] PHP Fatal error:  Uncaught ArgumentCountError: Too few arguments to function Producto_model::modificar_costoventaAnterior(), 2 passed in /home/osafactc2/public_html/produccion/fermotor/system/application/controllers/ventas/comprobante.php on line 467 and exactly 4 expected in /home/osafactc2/public_html/produccion/fermotor/system/application/models/almacen/producto_model.php:1657
Stack trace:
#0 /home/osafactc2/public_html/produccion/fermotor/system/application/controllers/ventas/comprobante.php(467): Producto_model->modificar_costoventaAnterior('3604', '9')
#1 /home/osafactc2/public_html/produccion/fermotor/system/codeigniter/CodeIgniter.php(471): Comprobante->disparador('C', '9482', 'F')
#2 /home/osafactc2/public_html/produccion/fermotor/index.php(229): require_once('/home/osafactc2...')
#3 {main}
  thrown in /home/osafactc2/public_html/produccion/fermotor/system/application/models/almacen/producto_model.php on line 1657
[22-Mar-2025 17:48:54 America/Lima] PHP Fatal error:  Uncaught ArgumentCountError: Too few arguments to function Producto_model::modificar_costoventaAnterior(), 2 passed in /home/osafactc2/public_html/produccion/fermotor/system/application/controllers/ventas/comprobante.php on line 467 and exactly 4 expected in /home/osafactc2/public_html/produccion/fermotor/system/application/models/almacen/producto_model.php:1657
Stack trace:
#0 /home/osafactc2/public_html/produccion/fermotor/system/application/controllers/ventas/comprobante.php(467): Producto_model->modificar_costoventaAnterior('2438', '0.5')
#1 /home/osafactc2/public_html/produccion/fermotor/system/codeigniter/CodeIgniter.php(471): Comprobante->disparador('C', '9628', 'F')
#2 /home/osafactc2/public_html/produccion/fermotor/index.php(229): require_once('/home/osafactc2...')
#3 {main}
  thrown in /home/osafactc2/public_html/produccion/fermotor/system/application/models/almacen/producto_model.php on line 1657
[24-Mar-2025 11:13:07 America/Lima] PHP Fatal error:  Uncaught ArgumentCountError: Too few arguments to function Producto_model::modificar_costoventaAnterior(), 2 passed in /home/osafactc2/public_html/produccion/fermotor/system/application/controllers/ventas/comprobante.php on line 467 and exactly 4 expected in /home/osafactc2/public_html/produccion/fermotor/system/application/models/almacen/producto_model.php:1657
Stack trace:
#0 /home/osafactc2/public_html/produccion/fermotor/system/application/controllers/ventas/comprobante.php(467): Producto_model->modificar_costoventaAnterior('2438', '0.5')
#1 /home/osafactc2/public_html/produccion/fermotor/system/codeigniter/CodeIgniter.php(471): Comprobante->disparador('C', '9628', 'F')
#2 /home/osafactc2/public_html/produccion/fermotor/index.php(229): require_once('/home/osafactc2...')
#3 {main}
  thrown in /home/osafactc2/public_html/produccion/fermotor/system/application/models/almacen/producto_model.php on line 1657
[24-Mar-2025 11:13:58 America/Lima] PHP Fatal error:  Uncaught ArgumentCountError: Too few arguments to function Producto_model::modificar_costoventaAnterior(), 2 passed in /home/osafactc2/public_html/produccion/fermotor/system/application/controllers/ventas/comprobante.php on line 467 and exactly 4 expected in /home/osafactc2/public_html/produccion/fermotor/system/application/models/almacen/producto_model.php:1657
Stack trace:
#0 /home/osafactc2/public_html/produccion/fermotor/system/application/controllers/ventas/comprobante.php(467): Producto_model->modificar_costoventaAnterior('3604', '9')
#1 /home/osafactc2/public_html/produccion/fermotor/system/codeigniter/CodeIgniter.php(471): Comprobante->disparador('C', '9482', 'F')
#2 /home/osafactc2/public_html/produccion/fermotor/index.php(229): require_once('/home/osafactc2...')
#3 {main}
  thrown in /home/osafactc2/public_html/produccion/fermotor/system/application/models/almacen/producto_model.php on line 1657
[24-Mar-2025 11:15:07 America/Lima] PHP Fatal error:  Uncaught ArgumentCountError: Too few arguments to function Producto_model::modificar_costoventaAnterior(), 2 passed in /home/osafactc2/public_html/produccion/fermotor/system/application/controllers/ventas/comprobante.php on line 467 and exactly 4 expected in /home/osafactc2/public_html/produccion/fermotor/system/application/models/almacen/producto_model.php:1657
Stack trace:
#0 /home/osafactc2/public_html/produccion/fermotor/system/application/controllers/ventas/comprobante.php(467): Producto_model->modificar_costoventaAnterior('3604', '9')
#1 /home/osafactc2/public_html/produccion/fermotor/system/codeigniter/CodeIgniter.php(471): Comprobante->disparador('C', '9482', 'F')
#2 /home/osafactc2/public_html/produccion/fermotor/index.php(229): require_once('/home/osafactc2...')
#3 {main}
  thrown in /home/osafactc2/public_html/produccion/fermotor/system/application/models/almacen/producto_model.php on line 1657
[24-Mar-2025 11:15:10 America/Lima] PHP Fatal error:  Uncaught ArgumentCountError: Too few arguments to function Producto_model::modificar_costoventaAnterior(), 2 passed in /home/osafactc2/public_html/produccion/fermotor/system/application/controllers/ventas/comprobante.php on line 467 and exactly 4 expected in /home/osafactc2/public_html/produccion/fermotor/system/application/models/almacen/producto_model.php:1657
Stack trace:
#0 /home/osafactc2/public_html/produccion/fermotor/system/application/controllers/ventas/comprobante.php(467): Producto_model->modificar_costoventaAnterior('2438', '0.5')
#1 /home/osafactc2/public_html/produccion/fermotor/system/codeigniter/CodeIgniter.php(471): Comprobante->disparador('C', '9628', 'F')
#2 /home/osafactc2/public_html/produccion/fermotor/index.php(229): require_once('/home/osafactc2...')
#3 {main}
  thrown in /home/osafactc2/public_html/produccion/fermotor/system/application/models/almacen/producto_model.php on line 1657
[24-Mar-2025 11:25:21 America/Lima] PHP Fatal error:  Uncaught ArgumentCountError: Too few arguments to function Producto_model::modificar_costoventaAnterior(), 2 passed in /home/osafactc2/public_html/produccion/fermotor/system/application/controllers/ventas/comprobante.php on line 467 and exactly 4 expected in /home/osafactc2/public_html/produccion/fermotor/system/application/models/almacen/producto_model.php:1657
Stack trace:
#0 /home/osafactc2/public_html/produccion/fermotor/system/application/controllers/ventas/comprobante.php(467): Producto_model->modificar_costoventaAnterior('2438', '0.5')
#1 /home/osafactc2/public_html/produccion/fermotor/system/codeigniter/CodeIgniter.php(471): Comprobante->disparador('C', '9628', 'F')
#2 /home/osafactc2/public_html/produccion/fermotor/index.php(229): require_once('/home/osafactc2...')
#3 {main}
  thrown in /home/osafactc2/public_html/produccion/fermotor/system/application/models/almacen/producto_model.php on line 1657
[24-Mar-2025 11:26:17 America/Lima] PHP Fatal error:  Uncaught ArgumentCountError: Too few arguments to function Producto_model::modificar_costoventaAnterior(), 2 passed in /home/osafactc2/public_html/produccion/fermotor/system/application/controllers/ventas/comprobante.php on line 467 and exactly 4 expected in /home/osafactc2/public_html/produccion/fermotor/system/application/models/almacen/producto_model.php:1657
Stack trace:
#0 /home/osafactc2/public_html/produccion/fermotor/system/application/controllers/ventas/comprobante.php(467): Producto_model->modificar_costoventaAnterior('2438', '0.5')
#1 /home/osafactc2/public_html/produccion/fermotor/system/codeigniter/CodeIgniter.php(471): Comprobante->disparador('C', '9628', 'F')
#2 /home/osafactc2/public_html/produccion/fermotor/index.php(229): require_once('/home/osafactc2...')
#3 {main}
  thrown in /home/osafactc2/public_html/produccion/fermotor/system/application/models/almacen/producto_model.php on line 1657
[24-Mar-2025 11:27:06 America/Lima] PHP Fatal error:  Uncaught ArgumentCountError: Too few arguments to function Producto_model::modificar_costoventaAnterior(), 2 passed in /home/osafactc2/public_html/produccion/fermotor/system/application/controllers/ventas/comprobante.php on line 467 and exactly 4 expected in /home/osafactc2/public_html/produccion/fermotor/system/application/models/almacen/producto_model.php:1657
Stack trace:
#0 /home/osafactc2/public_html/produccion/fermotor/system/application/controllers/ventas/comprobante.php(467): Producto_model->modificar_costoventaAnterior('2438', '0.5')
#1 /home/osafactc2/public_html/produccion/fermotor/system/codeigniter/CodeIgniter.php(471): Comprobante->disparador('C', '9628', 'F')
#2 /home/osafactc2/public_html/produccion/fermotor/index.php(229): require_once('/home/osafactc2...')
#3 {main}
  thrown in /home/osafactc2/public_html/produccion/fermotor/system/application/models/almacen/producto_model.php on line 1657
[24-Mar-2025 11:28:59 America/Lima] PHP Fatal error:  Uncaught ArgumentCountError: Too few arguments to function Producto_model::modificar_costoventaAnterior(), 2 passed in /home/osafactc2/public_html/produccion/fermotor/system/application/controllers/ventas/comprobante.php on line 467 and exactly 4 expected in /home/osafactc2/public_html/produccion/fermotor/system/application/models/almacen/producto_model.php:1657
Stack trace:
#0 /home/osafactc2/public_html/produccion/fermotor/system/application/controllers/ventas/comprobante.php(467): Producto_model->modificar_costoventaAnterior('2438', '0.5')
#1 /home/osafactc2/public_html/produccion/fermotor/system/codeigniter/CodeIgniter.php(471): Comprobante->disparador('C', '9628', 'F')
#2 /home/osafactc2/public_html/produccion/fermotor/index.php(229): require_once('/home/osafactc2...')
#3 {main}
  thrown in /home/osafactc2/public_html/produccion/fermotor/system/application/models/almacen/producto_model.php on line 1657
[24-Mar-2025 11:38:15 America/Lima] PHP Fatal error:  Uncaught ArgumentCountError: Too few arguments to function Producto_model::modificar_costoventaAnterior(), 2 passed in /home/osafactc2/public_html/produccion/fermotor/system/application/controllers/ventas/comprobante.php on line 467 and exactly 4 expected in /home/osafactc2/public_html/produccion/fermotor/system/application/models/almacen/producto_model.php:1657
Stack trace:
#0 /home/osafactc2/public_html/produccion/fermotor/system/application/controllers/ventas/comprobante.php(467): Producto_model->modificar_costoventaAnterior('3604', '9')
#1 /home/osafactc2/public_html/produccion/fermotor/system/codeigniter/CodeIgniter.php(471): Comprobante->disparador('C', '9482', 'F')
#2 /home/osafactc2/public_html/produccion/fermotor/index.php(229): require_once('/home/osafactc2...')
#3 {main}
  thrown in /home/osafactc2/public_html/produccion/fermotor/system/application/models/almacen/producto_model.php on line 1657
[24-Mar-2025 11:39:53 America/Lima] PHP Fatal error:  Uncaught ArgumentCountError: Too few arguments to function Producto_model::modificar_costoventaAnterior(), 2 passed in /home/osafactc2/public_html/produccion/fermotor/system/application/controllers/ventas/comprobante.php on line 467 and exactly 4 expected in /home/osafactc2/public_html/produccion/fermotor/system/application/models/almacen/producto_model.php:1657
Stack trace:
#0 /home/osafactc2/public_html/produccion/fermotor/system/application/controllers/ventas/comprobante.php(467): Producto_model->modificar_costoventaAnterior('3604', '9')
#1 /home/osafactc2/public_html/produccion/fermotor/system/codeigniter/CodeIgniter.php(471): Comprobante->disparador('C', '9482', 'F')
#2 /home/osafactc2/public_html/produccion/fermotor/index.php(229): require_once('/home/osafactc2...')
#3 {main}
  thrown in /home/osafactc2/public_html/produccion/fermotor/system/application/models/almacen/producto_model.php on line 1657
[24-Mar-2025 11:42:11 America/Lima] PHP Fatal error:  Uncaught ArgumentCountError: Too few arguments to function Producto_model::modificar_costoventaAnterior(), 2 passed in /home/osafactc2/public_html/produccion/fermotor/system/application/controllers/ventas/comprobante.php on line 467 and exactly 4 expected in /home/osafactc2/public_html/produccion/fermotor/system/application/models/almacen/producto_model.php:1657
Stack trace:
#0 /home/osafactc2/public_html/produccion/fermotor/system/application/controllers/ventas/comprobante.php(467): Producto_model->modificar_costoventaAnterior('3604', '9')
#1 /home/osafactc2/public_html/produccion/fermotor/system/codeigniter/CodeIgniter.php(471): Comprobante->disparador('C', '9482', 'F')
#2 /home/osafactc2/public_html/produccion/fermotor/index.php(229): require_once('/home/osafactc2...')
#3 {main}
  thrown in /home/osafactc2/public_html/produccion/fermotor/system/application/models/almacen/producto_model.php on line 1657
[24-Mar-2025 11:42:23 America/Lima] PHP Fatal error:  Uncaught ArgumentCountError: Too few arguments to function Producto_model::modificar_costoventaAnterior(), 2 passed in /home/osafactc2/public_html/produccion/fermotor/system/application/controllers/ventas/comprobante.php on line 467 and exactly 4 expected in /home/osafactc2/public_html/produccion/fermotor/system/application/models/almacen/producto_model.php:1657
Stack trace:
#0 /home/osafactc2/public_html/produccion/fermotor/system/application/controllers/ventas/comprobante.php(467): Producto_model->modificar_costoventaAnterior('3604', '9')
#1 /home/osafactc2/public_html/produccion/fermotor/system/codeigniter/CodeIgniter.php(471): Comprobante->disparador('C', '9482', 'F')
#2 /home/osafactc2/public_html/produccion/fermotor/index.php(229): require_once('/home/osafactc2...')
#3 {main}
  thrown in /home/osafactc2/public_html/produccion/fermotor/system/application/models/almacen/producto_model.php on line 1657
[24-Mar-2025 11:52:05 America/Lima] PHP Fatal error:  Uncaught ArgumentCountError: Too few arguments to function Producto_model::modificar_costoventaAnterior(), 2 passed in /home/osafactc2/public_html/produccion/fermotor/system/application/controllers/ventas/comprobante.php on line 467 and exactly 4 expected in /home/osafactc2/public_html/produccion/fermotor/system/application/models/almacen/producto_model.php:1657
Stack trace:
#0 /home/osafactc2/public_html/produccion/fermotor/system/application/controllers/ventas/comprobante.php(467): Producto_model->modificar_costoventaAnterior('3604', '9')
#1 /home/osafactc2/public_html/produccion/fermotor/system/codeigniter/CodeIgniter.php(471): Comprobante->disparador('C', '9482', 'F')
#2 /home/osafactc2/public_html/produccion/fermotor/index.php(229): require_once('/home/osafactc2...')
#3 {main}
  thrown in /home/osafactc2/public_html/produccion/fermotor/system/application/models/almacen/producto_model.php on line 1657
[24-Mar-2025 12:02:53 America/Lima] PHP Fatal error:  Uncaught ArgumentCountError: Too few arguments to function Producto_model::modificar_costoventaAnterior(), 2 passed in /home/osafactc2/public_html/produccion/fermotor/system/application/controllers/ventas/comprobante.php on line 467 and exactly 4 expected in /home/osafactc2/public_html/produccion/fermotor/system/application/models/almacen/producto_model.php:1657
Stack trace:
#0 /home/osafactc2/public_html/produccion/fermotor/system/application/controllers/ventas/comprobante.php(467): Producto_model->modificar_costoventaAnterior('3604', '9')
#1 /home/osafactc2/public_html/produccion/fermotor/system/codeigniter/CodeIgniter.php(471): Comprobante->disparador('C', '9482', 'F')
#2 /home/osafactc2/public_html/produccion/fermotor/index.php(229): require_once('/home/osafactc2...')
#3 {main}
  thrown in /home/osafactc2/public_html/produccion/fermotor/system/application/models/almacen/producto_model.php on line 1657
[08-Apr-2025 17:13:47 America/Lima] PHP Fatal error:  Uncaught Dompdf\Exception: The row #3 could not be found, please file an issue in the tracker with the HTML code in /home/osafactc2/public_html/produccion/fermotor/system/application/third_party/dompdf-master/src/Cellmap.php:417
Stack trace:
#0 /home/osafactc2/public_html/produccion/fermotor/system/application/third_party/dompdf-master/src/FrameReflower/TableRow.php(68): Dompdf\Cellmap->get_frame_height(Object(Dompdf\FrameDecorator\TableRow))
#1 /home/osafactc2/public_html/produccion/fermotor/system/application/third_party/dompdf-master/src/FrameDecorator/AbstractFrameDecorator.php(865): Dompdf\FrameReflower\TableRow->reflow(NULL)
#2 /home/osafactc2/public_html/produccion/fermotor/system/application/third_party/dompdf-master/src/FrameReflower/TableRowGroup.php(51): Dompdf\FrameDecorator\AbstractFrameDecorator->reflow()
#3 /home/osafactc2/public_html/produccion/fermotor/system/application/third_party/dompdf-master/src/FrameDecorator/AbstractFrameDecorator.php(865): Dompdf\FrameReflower\TableRowGroup->reflow(NU in /home/osafactc2/public_html/produccion/fermotor/system/application/third_party/dompdf-master/src/Cellmap.php on line 417
[08-Apr-2025 17:13:55 America/Lima] PHP Fatal error:  Uncaught Dompdf\Exception: The row #3 could not be found, please file an issue in the tracker with the HTML code in /home/osafactc2/public_html/produccion/fermotor/system/application/third_party/dompdf-master/src/Cellmap.php:417
Stack trace:
#0 /home/osafactc2/public_html/produccion/fermotor/system/application/third_party/dompdf-master/src/FrameReflower/TableRow.php(68): Dompdf\Cellmap->get_frame_height(Object(Dompdf\FrameDecorator\TableRow))
#1 /home/osafactc2/public_html/produccion/fermotor/system/application/third_party/dompdf-master/src/FrameDecorator/AbstractFrameDecorator.php(865): Dompdf\FrameReflower\TableRow->reflow(NULL)
#2 /home/osafactc2/public_html/produccion/fermotor/system/application/third_party/dompdf-master/src/FrameReflower/TableRowGroup.php(51): Dompdf\FrameDecorator\AbstractFrameDecorator->reflow()
#3 /home/osafactc2/public_html/produccion/fermotor/system/application/third_party/dompdf-master/src/FrameDecorator/AbstractFrameDecorator.php(865): Dompdf\FrameReflower\TableRowGroup->reflow(NU in /home/osafactc2/public_html/produccion/fermotor/system/application/third_party/dompdf-master/src/Cellmap.php on line 417
[11-Apr-2025 19:38:04 America/Lima] Consulta SQL: SELECT p.PERSC_Nombre as NOMBRE, 
                     CONCAT_WS(' ', p.PERSC_ApellidoPaterno, p.PERSC_ApellidoMaterno) as PATERNO, 
                     SUM(IF(c.MONED_Codigo=2, c.CPC_TDC * c.CPC_Total, c.CPC_Total)) as y2025 
              FROM cji_comprobante c 
              INNER JOIN cji_persona p ON c.CPC_Vendedor = p.PERSP_Codigo 
              WHERE  c.COMPP_Codigo = 1 AND  YEAR(c.CPC_Fecha) = '2025' 
              AND p.PERSC_Nombre != '' 
              AND c.CPC_FlagEstado = 1 
              AND c.CPC_TipoOperacion = 'V' 
              GROUP BY c.CPC_Vendedor
[11-Apr-2025 19:39:34 America/Lima] Consulta SQL: SELECT p.PERSC_Nombre as NOMBRE, 
                     CONCAT_WS(' ', p.PERSC_ApellidoPaterno, p.PERSC_ApellidoMaterno) as PATERNO, 
                     SUM(IF(c.MONED_Codigo=2, c.CPC_TDC * c.CPC_Total, c.CPC_Total)) as y2025 
              FROM cji_comprobante c 
              INNER JOIN cji_persona p ON c.CPC_Vendedor = p.PERSP_Codigo 
              WHERE  c.COMPP_Codigo = 1 AND  YEAR(c.CPC_Fecha) = '2025' 
              AND p.PERSC_Nombre != '' 
              AND c.CPC_FlagEstado = 1 
              AND c.CPC_TipoOperacion = 'V' 
              GROUP BY c.CPC_Vendedor
[11-Apr-2025 19:40:17 America/Lima] Consulta SQL: SELECT p.PERSC_Nombre as NOMBRE, 
                     CONCAT_WS(' ', p.PERSC_ApellidoPaterno, p.PERSC_ApellidoMaterno) as PATERNO, 
                     SUM(IF(c.MONED_Codigo=2, c.CPC_TDC * c.CPC_Total, c.CPC_Total)) as y2025 
              FROM cji_comprobante c 
              INNER JOIN cji_persona p ON c.CPC_Vendedor = p.PERSP_Codigo 
              WHERE  c.COMPP_Codigo = 1 AND  YEAR(c.CPC_Fecha) = '2025' 
              AND p.PERSC_Nombre != '' 
              AND c.CPC_FlagEstado = 1 
              AND c.CPC_TipoOperacion = 'V' 
              GROUP BY c.CPC_Vendedor
[11-Apr-2025 19:40:31 America/Lima] Consulta SQL: SELECT p.PERSC_Nombre as NOMBRE, 
                     CONCAT_WS(' ', p.PERSC_ApellidoPaterno, p.PERSC_ApellidoMaterno) as PATERNO, 
                     SUM(IF(c.MONED_Codigo=2, c.CPC_TDC * c.CPC_Total, c.CPC_Total)) as y2025 
              FROM cji_comprobante c 
              INNER JOIN cji_persona p ON c.CPC_Vendedor = p.PERSP_Codigo 
              WHERE  c.COMPP_Codigo = 1 AND  YEAR(c.CPC_Fecha) = '2025' 
              AND p.PERSC_Nombre != '' 
              AND c.CPC_FlagEstado = 1 
              AND c.CPC_TipoOperacion = 'V' 
              GROUP BY c.CPC_Vendedor
[11-Apr-2025 20:14:43 America/Lima] PHP Fatal error:  Maximum execution time of 30 seconds exceeded in /home/osafactc2/public_html/produccion/fermotor/system/application/third_party/dompdf-master/src/FrameDecorator/AbstractFrameDecorator.php on line 865
[11-Apr-2025 20:17:38 America/Lima] PHP Fatal error:  Maximum execution time of 30 seconds exceeded in /home/osafactc2/public_html/produccion/fermotor/system/application/third_party/dompdf-master/src/FrameDecorator/AbstractFrameDecorator.php on line 198
[11-Apr-2025 20:31:43 America/Lima] PHP Fatal error:  Maximum execution time of 30 seconds exceeded in /home/osafactc2/public_html/produccion/fermotor/system/application/third_party/dompdf-master/src/Css/Style.php on line 1810
